CRITICAL - 2023-04-06 03:50:43 --> Invalid file: "layouts/sidebar.php"
in SYSTEMPATH\Exceptions\FrameworkException.php on line 33.
 1 SYSTEMPATH\View\View.php(201): CodeIgniter\Exceptions\FrameworkException::forInvalidFile('layouts/sidebar.php')
 2 SYSTEMPATH\View\View.php(431): CodeIgniter\View\View->render('layouts/sidebar', null, true)
 3 APPPATH\Views\v2\product\base.php(16): CodeIgniter\View\View->include('layouts/sidebar')
 4 SYSTEMPATH\View\View.php(213): include('APPPATH\\Views\\v2\\product\\base.php')
 5 SYSTEMPATH\View\View.php(216): CodeIgniter\View\View->CodeIgniter\View\{closure}()
 6 SYSTEMPATH\Common.php(1184): CodeIgniter\View\View->render('v2/product/base', [], true)
 7 APPPATH\Controllers\Product.php(41): view('v2/product/base', [...])
 8 SYSTEMPATH\CodeIgniter.php(934): App\Controllers\Product->index()
 9 SYSTEMPATH\CodeIgniter.php(499): CodeIgniter\CodeIgniter->runController(Object(App\Controllers\Product))
10 SYSTEMPATH\CodeIgniter.php(368): CodeIgniter\CodeIgniter->handleRequest(null, Object(Config\Cache), false)
11 FCPATH\index.php(67): CodeIgniter\CodeIgniter->run()
12 SYSTEMPATH\Commands\Server\rewrite.php(47): require_once('FCPATH\\index.php')
CRITICAL - 2023-04-06 03:52:50 --> Invalid file: "layouts/sidebar.php"
in SYSTEMPATH\Exceptions\FrameworkException.php on line 33.
 1 SYSTEMPATH\View\View.php(201): CodeIgniter\Exceptions\FrameworkException::forInvalidFile('layouts/sidebar.php')
 2 SYSTEMPATH\View\View.php(431): CodeIgniter\View\View->render('layouts/sidebar', null, true)
 3 APPPATH\Views\v2\product\base.php(16): CodeIgniter\View\View->include('layouts/sidebar')
 4 SYSTEMPATH\View\View.php(213): include('APPPATH\\Views\\v2\\product\\base.php')
 5 SYSTEMPATH\View\View.php(216): CodeIgniter\View\View->CodeIgniter\View\{closure}()
 6 SYSTEMPATH\Common.php(1184): CodeIgniter\View\View->render('v2/product/base', [], true)
 7 APPPATH\Controllers\Product.php(41): view('v2/product/base', [...])
 8 SYSTEMPATH\CodeIgniter.php(934): App\Controllers\Product->index()
 9 SYSTEMPATH\CodeIgniter.php(499): CodeIgniter\CodeIgniter->runController(Object(App\Controllers\Product))
10 SYSTEMPATH\CodeIgniter.php(368): CodeIgniter\CodeIgniter->handleRequest(null, Object(Config\Cache), false)
11 FCPATH\index.php(67): CodeIgniter\CodeIgniter->run()
12 SYSTEMPATH\Commands\Server\rewrite.php(47): require_once('FCPATH\\index.php')
CRITICAL - 2023-04-06 03:52:51 --> Invalid file: "layouts/sidebar.php"
in SYSTEMPATH\Exceptions\FrameworkException.php on line 33.
 1 SYSTEMPATH\View\View.php(201): CodeIgniter\Exceptions\FrameworkException::forInvalidFile('layouts/sidebar.php')
 2 SYSTEMPATH\View\View.php(431): CodeIgniter\View\View->render('layouts/sidebar', null, true)
 3 APPPATH\Views\v2\product\base.php(16): CodeIgniter\View\View->include('layouts/sidebar')
 4 SYSTEMPATH\View\View.php(213): include('APPPATH\\Views\\v2\\product\\base.php')
 5 SYSTEMPATH\View\View.php(216): CodeIgniter\View\View->CodeIgniter\View\{closure}()
 6 SYSTEMPATH\Common.php(1184): CodeIgniter\View\View->render('v2/product/base', [], true)
 7 APPPATH\Controllers\Product.php(41): view('v2/product/base', [...])
 8 SYSTEMPATH\CodeIgniter.php(934): App\Controllers\Product->index()
 9 SYSTEMPATH\CodeIgniter.php(499): CodeIgniter\CodeIgniter->runController(Object(App\Controllers\Product))
10 SYSTEMPATH\CodeIgniter.php(368): CodeIgniter\CodeIgniter->handleRequest(null, Object(Config\Cache), false)
11 FCPATH\index.php(67): CodeIgniter\CodeIgniter->run()
12 SYSTEMPATH\Commands\Server\rewrite.php(47): require_once('FCPATH\\index.php')
CRITICAL - 2023-04-06 03:52:51 --> Invalid file: "layouts/sidebar.php"
in SYSTEMPATH\Exceptions\FrameworkException.php on line 33.
 1 SYSTEMPATH\View\View.php(201): CodeIgniter\Exceptions\FrameworkException::forInvalidFile('layouts/sidebar.php')
 2 SYSTEMPATH\View\View.php(431): CodeIgniter\View\View->render('layouts/sidebar', null, true)
 3 APPPATH\Views\v2\product\base.php(16): CodeIgniter\View\View->include('layouts/sidebar')
 4 SYSTEMPATH\View\View.php(213): include('APPPATH\\Views\\v2\\product\\base.php')
 5 SYSTEMPATH\View\View.php(216): CodeIgniter\View\View->CodeIgniter\View\{closure}()
 6 SYSTEMPATH\Common.php(1184): CodeIgniter\View\View->render('v2/product/base', [], true)
 7 APPPATH\Controllers\Product.php(41): view('v2/product/base', [...])
 8 SYSTEMPATH\CodeIgniter.php(934): App\Controllers\Product->index()
 9 SYSTEMPATH\CodeIgniter.php(499): CodeIgniter\CodeIgniter->runController(Object(App\Controllers\Product))
10 SYSTEMPATH\CodeIgniter.php(368): CodeIgniter\CodeIgniter->handleRequest(null, Object(Config\Cache), false)
11 FCPATH\index.php(67): CodeIgniter\CodeIgniter->run()
12 SYSTEMPATH\Commands\Server\rewrite.php(47): require_once('FCPATH\\index.php')
CRITICAL - 2023-04-06 03:52:51 --> Invalid file: "layouts/sidebar.php"
in SYSTEMPATH\Exceptions\FrameworkException.php on line 33.
 1 SYSTEMPATH\View\View.php(201): CodeIgniter\Exceptions\FrameworkException::forInvalidFile('layouts/sidebar.php')
 2 SYSTEMPATH\View\View.php(431): CodeIgniter\View\View->render('layouts/sidebar', null, true)
 3 APPPATH\Views\v2\product\base.php(16): CodeIgniter\View\View->include('layouts/sidebar')
 4 SYSTEMPATH\View\View.php(213): include('APPPATH\\Views\\v2\\product\\base.php')
 5 SYSTEMPATH\View\View.php(216): CodeIgniter\View\View->CodeIgniter\View\{closure}()
 6 SYSTEMPATH\Common.php(1184): CodeIgniter\View\View->render('v2/product/base', [], true)
 7 APPPATH\Controllers\Product.php(41): view('v2/product/base', [...])
 8 SYSTEMPATH\CodeIgniter.php(934): App\Controllers\Product->index()
 9 SYSTEMPATH\CodeIgniter.php(499): CodeIgniter\CodeIgniter->runController(Object(App\Controllers\Product))
10 SYSTEMPATH\CodeIgniter.php(368): CodeIgniter\CodeIgniter->handleRequest(null, Object(Config\Cache), false)
11 FCPATH\index.php(67): CodeIgniter\CodeIgniter->run()
12 SYSTEMPATH\Commands\Server\rewrite.php(47): require_once('FCPATH\\index.php')
CRITICAL - 2023-04-06 03:53:03 --> Invalid file: "layouts/sidebar.php"
in SYSTEMPATH\Exceptions\FrameworkException.php on line 33.
 1 SYSTEMPATH\View\View.php(201): CodeIgniter\Exceptions\FrameworkException::forInvalidFile('layouts/sidebar.php')
 2 SYSTEMPATH\View\View.php(431): CodeIgniter\View\View->render('layouts/sidebar', null, true)
 3 APPPATH\Views\v2\product\base.php(16): CodeIgniter\View\View->include('layouts/sidebar')
 4 SYSTEMPATH\View\View.php(213): include('APPPATH\\Views\\v2\\product\\base.php')
 5 SYSTEMPATH\View\View.php(216): CodeIgniter\View\View->CodeIgniter\View\{closure}()
 6 SYSTEMPATH\Common.php(1184): CodeIgniter\View\View->render('v2/product/base', [], true)
 7 APPPATH\Controllers\Product.php(41): view('v2/product/base', [...])
 8 SYSTEMPATH\CodeIgniter.php(934): App\Controllers\Product->index()
 9 SYSTEMPATH\CodeIgniter.php(499): CodeIgniter\CodeIgniter->runController(Object(App\Controllers\Product))
10 SYSTEMPATH\CodeIgniter.php(368): CodeIgniter\CodeIgniter->handleRequest(null, Object(Config\Cache), false)
11 FCPATH\index.php(67): CodeIgniter\CodeIgniter->run()
12 SYSTEMPATH\Commands\Server\rewrite.php(47): require_once('FCPATH\\index.php')
CRITICAL - 2023-04-06 03:56:37 --> Invalid file: "layouts/sidebar.php"
in SYSTEMPATH\Exceptions\FrameworkException.php on line 33.
 1 SYSTEMPATH\View\View.php(201): CodeIgniter\Exceptions\FrameworkException::forInvalidFile('layouts/sidebar.php')
 2 SYSTEMPATH\View\View.php(431): CodeIgniter\View\View->render('layouts/sidebar', null, true)
 3 APPPATH\Views\v2\product\base.php(16): CodeIgniter\View\View->include('layouts/sidebar')
 4 SYSTEMPATH\View\View.php(213): include('APPPATH\\Views\\v2\\product\\base.php')
 5 SYSTEMPATH\View\View.php(216): CodeIgniter\View\View->CodeIgniter\View\{closure}()
 6 SYSTEMPATH\View\View.php(229): CodeIgniter\View\View->render('v2/product/base', [], true)
 7 SYSTEMPATH\Common.php(1184): CodeIgniter\View\View->render('product/index', [], true)
 8 APPPATH\Controllers\Product.php(41): view('product/index', [...])
 9 SYSTEMPATH\CodeIgniter.php(934): App\Controllers\Product->index()
10 SYSTEMPATH\CodeIgniter.php(499): CodeIgniter\CodeIgniter->runController(Object(App\Controllers\Product))
11 SYSTEMPATH\CodeIgniter.php(368): CodeIgniter\CodeIgniter->handleRequest(null, Object(Config\Cache), false)
12 FCPATH\index.php(67): CodeIgniter\CodeIgniter->run()
13 SYSTEMPATH\Commands\Server\rewrite.php(47): require_once('FCPATH\\index.php')
CRITICAL - 2023-04-06 03:56:40 --> Invalid file: "layouts/sidebar.php"
in SYSTEMPATH\Exceptions\FrameworkException.php on line 33.
 1 SYSTEMPATH\View\View.php(201): CodeIgniter\Exceptions\FrameworkException::forInvalidFile('layouts/sidebar.php')
 2 SYSTEMPATH\View\View.php(431): CodeIgniter\View\View->render('layouts/sidebar', null, true)
 3 APPPATH\Views\v2\product\base.php(16): CodeIgniter\View\View->include('layouts/sidebar')
 4 SYSTEMPATH\View\View.php(213): include('APPPATH\\Views\\v2\\product\\base.php')
 5 SYSTEMPATH\View\View.php(216): CodeIgniter\View\View->CodeIgniter\View\{closure}()
 6 SYSTEMPATH\View\View.php(229): CodeIgniter\View\View->render('v2/product/base', [], true)
 7 SYSTEMPATH\Common.php(1184): CodeIgniter\View\View->render('product/index', [], true)
 8 APPPATH\Controllers\Product.php(41): view('product/index', [...])
 9 SYSTEMPATH\CodeIgniter.php(934): App\Controllers\Product->index()
10 SYSTEMPATH\CodeIgniter.php(499): CodeIgniter\CodeIgniter->runController(Object(App\Controllers\Product))
11 SYSTEMPATH\CodeIgniter.php(368): CodeIgniter\CodeIgniter->handleRequest(null, Object(Config\Cache), false)
12 FCPATH\index.php(67): CodeIgniter\CodeIgniter->run()
13 SYSTEMPATH\Commands\Server\rewrite.php(47): require_once('FCPATH\\index.php')
CRITICAL - 2023-04-06 04:09:13 --> Invalid file: "v2/head.php"
in SYSTEMPATH\Exceptions\FrameworkException.php on line 33.
 1 SYSTEMPATH\View\View.php(201): CodeIgniter\Exceptions\FrameworkException::forInvalidFile('v2/head.php')
 2 SYSTEMPATH\View\View.php(431): CodeIgniter\View\View->render('v2/head', null, true)
 3 APPPATH\Views\v2\product\base.php(6): CodeIgniter\View\View->include('v2/head')
 4 SYSTEMPATH\View\View.php(213): include('APPPATH\\Views\\v2\\product\\base.php')
 5 SYSTEMPATH\View\View.php(216): CodeIgniter\View\View->CodeIgniter\View\{closure}()
 6 SYSTEMPATH\View\View.php(229): CodeIgniter\View\View->render('v2/product/base', [], true)
 7 SYSTEMPATH\Common.php(1184): CodeIgniter\View\View->render('product/index', [], true)
 8 APPPATH\Controllers\Product.php(41): view('product/index', [...])
 9 SYSTEMPATH\CodeIgniter.php(934): App\Controllers\Product->index()
10 SYSTEMPATH\CodeIgniter.php(499): CodeIgniter\CodeIgniter->runController(Object(App\Controllers\Product))
11 SYSTEMPATH\CodeIgniter.php(368): CodeIgniter\CodeIgniter->handleRequest(null, Object(Config\Cache), false)
12 FCPATH\index.php(67): CodeIgniter\CodeIgniter->run()
13 SYSTEMPATH\Commands\Server\rewrite.php(47): require_once('FCPATH\\index.php')
CRITICAL - 2023-04-06 04:09:16 --> Invalid file: "v2/head.php"
in SYSTEMPATH\Exceptions\FrameworkException.php on line 33.
 1 SYSTEMPATH\View\View.php(201): CodeIgniter\Exceptions\FrameworkException::forInvalidFile('v2/head.php')
 2 SYSTEMPATH\View\View.php(431): CodeIgniter\View\View->render('v2/head', null, true)
 3 APPPATH\Views\v2\product\base.php(6): CodeIgniter\View\View->include('v2/head')
 4 SYSTEMPATH\View\View.php(213): include('APPPATH\\Views\\v2\\product\\base.php')
 5 SYSTEMPATH\View\View.php(216): CodeIgniter\View\View->CodeIgniter\View\{closure}()
 6 SYSTEMPATH\View\View.php(229): CodeIgniter\View\View->render('v2/product/base', [], true)
 7 SYSTEMPATH\Common.php(1184): CodeIgniter\View\View->render('product/index', [], true)
 8 APPPATH\Controllers\Product.php(41): view('product/index', [...])
 9 SYSTEMPATH\CodeIgniter.php(934): App\Controllers\Product->index()
10 SYSTEMPATH\CodeIgniter.php(499): CodeIgniter\CodeIgniter->runController(Object(App\Controllers\Product))
11 SYSTEMPATH\CodeIgniter.php(368): CodeIgniter\CodeIgniter->handleRequest(null, Object(Config\Cache), false)
12 FCPATH\index.php(67): CodeIgniter\CodeIgniter->run()
13 SYSTEMPATH\Commands\Server\rewrite.php(47): require_once('FCPATH\\index.php')
CRITICAL - 2023-04-06 04:12:01 --> Invalid file: "v2/head.php"
in SYSTEMPATH\Exceptions\FrameworkException.php on line 33.
 1 SYSTEMPATH\View\View.php(201): CodeIgniter\Exceptions\FrameworkException::forInvalidFile('v2/head.php')
 2 SYSTEMPATH\View\View.php(431): CodeIgniter\View\View->render('v2/head', null, true)
 3 APPPATH\Views\v2\product\base.php(6): CodeIgniter\View\View->include('v2/head')
 4 SYSTEMPATH\View\View.php(213): include('APPPATH\\Views\\v2\\product\\base.php')
 5 SYSTEMPATH\View\View.php(216): CodeIgniter\View\View->CodeIgniter\View\{closure}()
 6 SYSTEMPATH\View\View.php(229): CodeIgniter\View\View->render('v2/product/base', [], true)
 7 SYSTEMPATH\Common.php(1184): CodeIgniter\View\View->render('product/index', [], true)
 8 APPPATH\Controllers\Product.php(41): view('product/index', [...])
 9 SYSTEMPATH\CodeIgniter.php(934): App\Controllers\Product->index()
10 SYSTEMPATH\CodeIgniter.php(499): CodeIgniter\CodeIgniter->runController(Object(App\Controllers\Product))
11 SYSTEMPATH\CodeIgniter.php(368): CodeIgniter\CodeIgniter->handleRequest(null, Object(Config\Cache), false)
12 FCPATH\index.php(67): CodeIgniter\CodeIgniter->run()
13 SYSTEMPATH\Commands\Server\rewrite.php(47): require_once('FCPATH\\index.php')
CRITICAL - 2023-04-06 04:12:42 --> Invalid file: "v2/head.php"
in SYSTEMPATH\Exceptions\FrameworkException.php on line 33.
 1 SYSTEMPATH\View\View.php(201): CodeIgniter\Exceptions\FrameworkException::forInvalidFile('v2/head.php')
 2 SYSTEMPATH\View\View.php(431): CodeIgniter\View\View->render('v2/head', null, true)
 3 APPPATH\Views\v2\product\base.php(6): CodeIgniter\View\View->include('v2/head')
 4 SYSTEMPATH\View\View.php(213): include('APPPATH\\Views\\v2\\product\\base.php')
 5 SYSTEMPATH\View\View.php(216): CodeIgniter\View\View->CodeIgniter\View\{closure}()
 6 SYSTEMPATH\View\View.php(229): CodeIgniter\View\View->render('v2/product/base', [], true)
 7 SYSTEMPATH\Common.php(1184): CodeIgniter\View\View->render('product/index', [], true)
 8 APPPATH\Controllers\Product.php(41): view('product/index', [...])
 9 SYSTEMPATH\CodeIgniter.php(934): App\Controllers\Product->index()
10 SYSTEMPATH\CodeIgniter.php(499): CodeIgniter\CodeIgniter->runController(Object(App\Controllers\Product))
11 SYSTEMPATH\CodeIgniter.php(368): CodeIgniter\CodeIgniter->handleRequest(null, Object(Config\Cache), false)
12 FCPATH\index.php(67): CodeIgniter\CodeIgniter->run()
13 SYSTEMPATH\Commands\Server\rewrite.php(47): require_once('FCPATH\\index.php')
CRITICAL - 2023-04-06 04:12:42 --> Invalid file: "v2/head.php"
in SYSTEMPATH\Exceptions\FrameworkException.php on line 33.
 1 SYSTEMPATH\View\View.php(201): CodeIgniter\Exceptions\FrameworkException::forInvalidFile('v2/head.php')
 2 SYSTEMPATH\View\View.php(431): CodeIgniter\View\View->render('v2/head', null, true)
 3 APPPATH\Views\v2\product\base.php(6): CodeIgniter\View\View->include('v2/head')
 4 SYSTEMPATH\View\View.php(213): include('APPPATH\\Views\\v2\\product\\base.php')
 5 SYSTEMPATH\View\View.php(216): CodeIgniter\View\View->CodeIgniter\View\{closure}()
 6 SYSTEMPATH\View\View.php(229): CodeIgniter\View\View->render('v2/product/base', [], true)
 7 SYSTEMPATH\Common.php(1184): CodeIgniter\View\View->render('product/index', [], true)
 8 APPPATH\Controllers\Product.php(41): view('product/index', [...])
 9 SYSTEMPATH\CodeIgniter.php(934): App\Controllers\Product->index()
10 SYSTEMPATH\CodeIgniter.php(499): CodeIgniter\CodeIgniter->runController(Object(App\Controllers\Product))
11 SYSTEMPATH\CodeIgniter.php(368): CodeIgniter\CodeIgniter->handleRequest(null, Object(Config\Cache), false)
12 FCPATH\index.php(67): CodeIgniter\CodeIgniter->run()
13 SYSTEMPATH\Commands\Server\rewrite.php(47): require_once('FCPATH\\index.php')
CRITICAL - 2023-04-06 04:12:43 --> Invalid file: "v2/head.php"
in SYSTEMPATH\Exceptions\FrameworkException.php on line 33.
 1 SYSTEMPATH\View\View.php(201): CodeIgniter\Exceptions\FrameworkException::forInvalidFile('v2/head.php')
 2 SYSTEMPATH\View\View.php(431): CodeIgniter\View\View->render('v2/head', null, true)
 3 APPPATH\Views\v2\product\base.php(6): CodeIgniter\View\View->include('v2/head')
 4 SYSTEMPATH\View\View.php(213): include('APPPATH\\Views\\v2\\product\\base.php')
 5 SYSTEMPATH\View\View.php(216): CodeIgniter\View\View->CodeIgniter\View\{closure}()
 6 SYSTEMPATH\View\View.php(229): CodeIgniter\View\View->render('v2/product/base', [], true)
 7 SYSTEMPATH\Common.php(1184): CodeIgniter\View\View->render('product/index', [], true)
 8 APPPATH\Controllers\Product.php(41): view('product/index', [...])
 9 SYSTEMPATH\CodeIgniter.php(934): App\Controllers\Product->index()
10 SYSTEMPATH\CodeIgniter.php(499): CodeIgniter\CodeIgniter->runController(Object(App\Controllers\Product))
11 SYSTEMPATH\CodeIgniter.php(368): CodeIgniter\CodeIgniter->handleRequest(null, Object(Config\Cache), false)
12 FCPATH\index.php(67): CodeIgniter\CodeIgniter->run()
13 SYSTEMPATH\Commands\Server\rewrite.php(47): require_once('FCPATH\\index.php')
CRITICAL - 2023-04-06 04:12:43 --> Invalid file: "v2/head.php"
in SYSTEMPATH\Exceptions\FrameworkException.php on line 33.
 1 SYSTEMPATH\View\View.php(201): CodeIgniter\Exceptions\FrameworkException::forInvalidFile('v2/head.php')
 2 SYSTEMPATH\View\View.php(431): CodeIgniter\View\View->render('v2/head', null, true)
 3 APPPATH\Views\v2\product\base.php(6): CodeIgniter\View\View->include('v2/head')
 4 SYSTEMPATH\View\View.php(213): include('APPPATH\\Views\\v2\\product\\base.php')
 5 SYSTEMPATH\View\View.php(216): CodeIgniter\View\View->CodeIgniter\View\{closure}()
 6 SYSTEMPATH\View\View.php(229): CodeIgniter\View\View->render('v2/product/base', [], true)
 7 SYSTEMPATH\Common.php(1184): CodeIgniter\View\View->render('product/index', [], true)
 8 APPPATH\Controllers\Product.php(41): view('product/index', [...])
 9 SYSTEMPATH\CodeIgniter.php(934): App\Controllers\Product->index()
10 SYSTEMPATH\CodeIgniter.php(499): CodeIgniter\CodeIgniter->runController(Object(App\Controllers\Product))
11 SYSTEMPATH\CodeIgniter.php(368): CodeIgniter\CodeIgniter->handleRequest(null, Object(Config\Cache), false)
12 FCPATH\index.php(67): CodeIgniter\CodeIgniter->run()
13 SYSTEMPATH\Commands\Server\rewrite.php(47): require_once('FCPATH\\index.php')
CRITICAL - 2023-04-06 04:12:43 --> Invalid file: "v2/head.php"
in SYSTEMPATH\Exceptions\FrameworkException.php on line 33.
 1 SYSTEMPATH\View\View.php(201): CodeIgniter\Exceptions\FrameworkException::forInvalidFile('v2/head.php')
 2 SYSTEMPATH\View\View.php(431): CodeIgniter\View\View->render('v2/head', null, true)
 3 APPPATH\Views\v2\product\base.php(6): CodeIgniter\View\View->include('v2/head')
 4 SYSTEMPATH\View\View.php(213): include('APPPATH\\Views\\v2\\product\\base.php')
 5 SYSTEMPATH\View\View.php(216): CodeIgniter\View\View->CodeIgniter\View\{closure}()
 6 SYSTEMPATH\View\View.php(229): CodeIgniter\View\View->render('v2/product/base', [], true)
 7 SYSTEMPATH\Common.php(1184): CodeIgniter\View\View->render('product/index', [], true)
 8 APPPATH\Controllers\Product.php(41): view('product/index', [...])
 9 SYSTEMPATH\CodeIgniter.php(934): App\Controllers\Product->index()
10 SYSTEMPATH\CodeIgniter.php(499): CodeIgniter\CodeIgniter->runController(Object(App\Controllers\Product))
11 SYSTEMPATH\CodeIgniter.php(368): CodeIgniter\CodeIgniter->handleRequest(null, Object(Config\Cache), false)
12 FCPATH\index.php(67): CodeIgniter\CodeIgniter->run()
13 SYSTEMPATH\Commands\Server\rewrite.php(47): require_once('FCPATH\\index.php')
CRITICAL - 2023-04-06 04:13:27 --> Invalid file: "v2/head.php"
in SYSTEMPATH\Exceptions\FrameworkException.php on line 33.
 1 SYSTEMPATH\View\View.php(201): CodeIgniter\Exceptions\FrameworkException::forInvalidFile('v2/head.php')
 2 SYSTEMPATH\View\View.php(431): CodeIgniter\View\View->render('v2/head', null, true)
 3 APPPATH\Views\v2\product\base.php(6): CodeIgniter\View\View->include('v2/head')
 4 SYSTEMPATH\View\View.php(213): include('APPPATH\\Views\\v2\\product\\base.php')
 5 SYSTEMPATH\View\View.php(216): CodeIgniter\View\View->CodeIgniter\View\{closure}()
 6 SYSTEMPATH\View\View.php(229): CodeIgniter\View\View->render('v2/product/base', [], true)
 7 SYSTEMPATH\Common.php(1184): CodeIgniter\View\View->render('product/index', [], true)
 8 APPPATH\Controllers\Product.php(41): view('product/index', [...])
 9 SYSTEMPATH\CodeIgniter.php(934): App\Controllers\Product->index()
10 SYSTEMPATH\CodeIgniter.php(499): CodeIgniter\CodeIgniter->runController(Object(App\Controllers\Product))
11 SYSTEMPATH\CodeIgniter.php(368): CodeIgniter\CodeIgniter->handleRequest(null, Object(Config\Cache), false)
12 FCPATH\index.php(67): CodeIgniter\CodeIgniter->run()
13 SYSTEMPATH\Commands\Server\rewrite.php(47): require_once('FCPATH\\index.php')
CRITICAL - 2023-04-06 04:15:12 --> Invalid file: "v2/head.php"
in SYSTEMPATH\Exceptions\FrameworkException.php on line 33.
 1 SYSTEMPATH\View\View.php(201): CodeIgniter\Exceptions\FrameworkException::forInvalidFile('v2/head.php')
 2 SYSTEMPATH\View\View.php(431): CodeIgniter\View\View->render('v2/head', null, true)
 3 APPPATH\Views\v2\product\base.php(6): CodeIgniter\View\View->include('v2/head')
 4 SYSTEMPATH\View\View.php(213): include('APPPATH\\Views\\v2\\product\\base.php')
 5 SYSTEMPATH\View\View.php(216): CodeIgniter\View\View->CodeIgniter\View\{closure}()
 6 SYSTEMPATH\Common.php(1184): CodeIgniter\View\View->render('v2/product/base', [], true)
 7 APPPATH\Controllers\Product.php(41): view('v2/product/base', [...])
 8 SYSTEMPATH\CodeIgniter.php(934): App\Controllers\Product->index()
 9 SYSTEMPATH\CodeIgniter.php(499): CodeIgniter\CodeIgniter->runController(Object(App\Controllers\Product))
10 SYSTEMPATH\CodeIgniter.php(368): CodeIgniter\CodeIgniter->handleRequest(null, Object(Config\Cache), false)
11 FCPATH\index.php(67): CodeIgniter\CodeIgniter->run()
12 SYSTEMPATH\Commands\Server\rewrite.php(47): require_once('FCPATH\\index.php')
CRITICAL - 2023-04-06 04:20:12 --> Invalid file: "v2/head.php"
in SYSTEMPATH\Exceptions\FrameworkException.php on line 33.
 1 SYSTEMPATH\View\View.php(201): CodeIgniter\Exceptions\FrameworkException::forInvalidFile('v2/head.php')
 2 SYSTEMPATH\View\View.php(431): CodeIgniter\View\View->render('v2/head', null, true)
 3 APPPATH\Views\v2\product\base.php(6): CodeIgniter\View\View->include('v2/head')
 4 SYSTEMPATH\View\View.php(213): include('APPPATH\\Views\\v2\\product\\base.php')
 5 SYSTEMPATH\View\View.php(216): CodeIgniter\View\View->CodeIgniter\View\{closure}()
 6 SYSTEMPATH\View\View.php(229): CodeIgniter\View\View->render('v2/product/base', [], true)
 7 SYSTEMPATH\Common.php(1184): CodeIgniter\View\View->render('product/index', [], true)
 8 APPPATH\Controllers\Product.php(41): view('product/index', [...])
 9 SYSTEMPATH\CodeIgniter.php(934): App\Controllers\Product->index()
10 SYSTEMPATH\CodeIgniter.php(499): CodeIgniter\CodeIgniter->runController(Object(App\Controllers\Product))
11 SYSTEMPATH\CodeIgniter.php(368): CodeIgniter\CodeIgniter->handleRequest(null, Object(Config\Cache), false)
12 FCPATH\index.php(67): CodeIgniter\CodeIgniter->run()
13 SYSTEMPATH\Commands\Server\rewrite.php(47): require_once('FCPATH\\index.php')
CRITICAL - 2023-04-06 04:20:13 --> Invalid file: "v2/head.php"
in SYSTEMPATH\Exceptions\FrameworkException.php on line 33.
 1 SYSTEMPATH\View\View.php(201): CodeIgniter\Exceptions\FrameworkException::forInvalidFile('v2/head.php')
 2 SYSTEMPATH\View\View.php(431): CodeIgniter\View\View->render('v2/head', null, true)
 3 APPPATH\Views\v2\product\base.php(6): CodeIgniter\View\View->include('v2/head')
 4 SYSTEMPATH\View\View.php(213): include('APPPATH\\Views\\v2\\product\\base.php')
 5 SYSTEMPATH\View\View.php(216): CodeIgniter\View\View->CodeIgniter\View\{closure}()
 6 SYSTEMPATH\View\View.php(229): CodeIgniter\View\View->render('v2/product/base', [], true)
 7 SYSTEMPATH\Common.php(1184): CodeIgniter\View\View->render('product/index', [], true)
 8 APPPATH\Controllers\Product.php(41): view('product/index', [...])
 9 SYSTEMPATH\CodeIgniter.php(934): App\Controllers\Product->index()
10 SYSTEMPATH\CodeIgniter.php(499): CodeIgniter\CodeIgniter->runController(Object(App\Controllers\Product))
11 SYSTEMPATH\CodeIgniter.php(368): CodeIgniter\CodeIgniter->handleRequest(null, Object(Config\Cache), false)
12 FCPATH\index.php(67): CodeIgniter\CodeIgniter->run()
13 SYSTEMPATH\Commands\Server\rewrite.php(47): require_once('FCPATH\\index.php')
CRITICAL - 2023-04-06 04:21:14 --> Invalid file: "layouts/layouts/v2/head.php"
in SYSTEMPATH\Exceptions\FrameworkException.php on line 33.
 1 SYSTEMPATH\View\View.php(201): CodeIgniter\Exceptions\FrameworkException::forInvalidFile('layouts/layouts/v2/head.php')
 2 SYSTEMPATH\View\View.php(431): CodeIgniter\View\View->render('layouts/layouts/v2/head', null, true)
 3 APPPATH\Views\v2\product\base.php(6): CodeIgniter\View\View->include('layouts/layouts/v2/head')
 4 SYSTEMPATH\View\View.php(213): include('APPPATH\\Views\\v2\\product\\base.php')
 5 SYSTEMPATH\View\View.php(216): CodeIgniter\View\View->CodeIgniter\View\{closure}()
 6 SYSTEMPATH\View\View.php(229): CodeIgniter\View\View->render('v2/product/base', [], true)
 7 SYSTEMPATH\Common.php(1184): CodeIgniter\View\View->render('product/index', [], true)
 8 APPPATH\Controllers\Product.php(41): view('product/index', [...])
 9 SYSTEMPATH\CodeIgniter.php(934): App\Controllers\Product->index()
10 SYSTEMPATH\CodeIgniter.php(499): CodeIgniter\CodeIgniter->runController(Object(App\Controllers\Product))
11 SYSTEMPATH\CodeIgniter.php(368): CodeIgniter\CodeIgniter->handleRequest(null, Object(Config\Cache), false)
12 FCPATH\index.php(67): CodeIgniter\CodeIgniter->run()
13 SYSTEMPATH\Commands\Server\rewrite.php(47): require_once('FCPATH\\index.php')
CRITICAL - 2023-04-06 04:23:24 --> Invalid file: "layouts/layouts/v2/head.php"
in SYSTEMPATH\Exceptions\FrameworkException.php on line 33.
 1 SYSTEMPATH\View\View.php(201): CodeIgniter\Exceptions\FrameworkException::forInvalidFile('layouts/layouts/v2/head.php')
 2 SYSTEMPATH\View\View.php(431): CodeIgniter\View\View->render('layouts/layouts/v2/head', null, true)
 3 APPPATH\Views\v2\product\base.php(6): CodeIgniter\View\View->include('layouts/layouts/v2/head')
 4 SYSTEMPATH\View\View.php(213): include('APPPATH\\Views\\v2\\product\\base.php')
 5 SYSTEMPATH\View\View.php(216): CodeIgniter\View\View->CodeIgniter\View\{closure}()
 6 SYSTEMPATH\View\View.php(229): CodeIgniter\View\View->render('v2/product/base', [], true)
 7 SYSTEMPATH\Common.php(1184): CodeIgniter\View\View->render('product/index', [], true)
 8 APPPATH\Controllers\Product.php(41): view('product/index', [...])
 9 SYSTEMPATH\CodeIgniter.php(934): App\Controllers\Product->index()
10 SYSTEMPATH\CodeIgniter.php(499): CodeIgniter\CodeIgniter->runController(Object(App\Controllers\Product))
11 SYSTEMPATH\CodeIgniter.php(368): CodeIgniter\CodeIgniter->handleRequest(null, Object(Config\Cache), false)
12 FCPATH\index.php(67): CodeIgniter\CodeIgniter->run()
13 SYSTEMPATH\Commands\Server\rewrite.php(47): require_once('FCPATH\\index.php')
