CRITICAL - 2023-04-28 03:00:32 --> Undefined variable $products
in APPPATH\Views\v2\product\base.php on line 70.
 1 APPPATH\Views\v2\product\base.php(70): CodeIgniter\Debug\Exceptions->errorHandler(2, 'Undefined variable $products', 'APPPATH\\Views\\v2\\product\\base.php', 70)
 2 SYSTEMPATH\View\View.php(213): include('APPPATH\\Views\\v2\\product\\base.php')
 3 SYSTEMPATH\View\View.php(216): CodeIgniter\View\View->CodeIgniter\View\{closure}()
 4 SYSTEMPATH\View\View.php(229): CodeIgniter\View\View->render('v2/product/base', [], true)
 5 SYSTEMPATH\Common.php(1184): CodeIgniter\View\View->render('product/edit', [], true)
 6 APPPATH\Controllers\Product.php(108): view('product/edit', [...])
 7 SYSTEMPATH\CodeIgniter.php(934): App\Controllers\Product->edit('623b476dc4f96')
 8 SYSTEMPATH\CodeIgniter.php(499): CodeIgniter\CodeIgniter->runController(Object(App\Controllers\Product))
 9 SYSTEMPATH\CodeIgniter.php(368): CodeIgniter\CodeIgniter->handleRequest(null, Object(Config\Cache), false)
10 FCPATH\index.php(67): CodeIgniter\CodeIgniter->run()
11 SYSTEMPATH\Commands\Server\rewrite.php(47): require_once('FCPATH\\index.php')
CRITICAL - 2023-04-28 03:01:45 --> Undefined variable $products
in APPPATH\Views\v2\product\base.php on line 70.
 1 APPPATH\Views\v2\product\base.php(70): CodeIgniter\Debug\Exceptions->errorHandler(2, 'Undefined variable $products', 'APPPATH\\Views\\v2\\product\\base.php', 70)
 2 SYSTEMPATH\View\View.php(213): include('APPPATH\\Views\\v2\\product\\base.php')
 3 SYSTEMPATH\View\View.php(216): CodeIgniter\View\View->CodeIgniter\View\{closure}()
 4 SYSTEMPATH\View\View.php(229): CodeIgniter\View\View->render('v2/product/base', [], true)
 5 SYSTEMPATH\Common.php(1184): CodeIgniter\View\View->render('product/edit', [], true)
 6 APPPATH\Controllers\Product.php(108): view('product/edit', [...])
 7 SYSTEMPATH\CodeIgniter.php(934): App\Controllers\Product->edit('623b476dc4f96')
 8 SYSTEMPATH\CodeIgniter.php(499): CodeIgniter\CodeIgniter->runController(Object(App\Controllers\Product))
 9 SYSTEMPATH\CodeIgniter.php(368): CodeIgniter\CodeIgniter->handleRequest(null, Object(Config\Cache), false)
10 FCPATH\index.php(67): CodeIgniter\CodeIgniter->run()
11 SYSTEMPATH\Commands\Server\rewrite.php(47): require_once('FCPATH\\index.php')
CRITICAL - 2023-04-28 03:03:41 --> Undefined variable $products
in APPPATH\Views\v2\product\base.php on line 70.
 1 APPPATH\Views\v2\product\base.php(70): CodeIgniter\Debug\Exceptions->errorHandler(2, 'Undefined variable $products', 'APPPATH\\Views\\v2\\product\\base.php', 70)
 2 SYSTEMPATH\View\View.php(213): include('APPPATH\\Views\\v2\\product\\base.php')
 3 SYSTEMPATH\View\View.php(216): CodeIgniter\View\View->CodeIgniter\View\{closure}()
 4 SYSTEMPATH\View\View.php(229): CodeIgniter\View\View->render('v2/product/base', [], true)
 5 SYSTEMPATH\Common.php(1184): CodeIgniter\View\View->render('product/edit', [], true)
 6 APPPATH\Controllers\Product.php(108): view('product/edit', [...])
 7 SYSTEMPATH\CodeIgniter.php(934): App\Controllers\Product->edit('623b476dc4f96')
 8 SYSTEMPATH\CodeIgniter.php(499): CodeIgniter\CodeIgniter->runController(Object(App\Controllers\Product))
 9 SYSTEMPATH\CodeIgniter.php(368): CodeIgniter\CodeIgniter->handleRequest(null, Object(Config\Cache), false)
10 FCPATH\index.php(67): CodeIgniter\CodeIgniter->run()
11 SYSTEMPATH\Commands\Server\rewrite.php(47): require_once('FCPATH\\index.php')
