CRITICAL - 2023-04-27 08:22:19 --> Undefined variable $products
in APPPATH\Views\v2\product\base.php on line 73.
 1 APPPATH\Views\v2\product\base.php(73): CodeIgniter\Debug\Exceptions->errorHandler(2, 'Undefined variable $products', 'APPPATH\\Views\\v2\\product\\base.php', 73)
 2 SYSTEMPATH\View\View.php(213): include('APPPATH\\Views\\v2\\product\\base.php')
 3 SYSTEMPATH\View\View.php(216): CodeIgniter\View\View->CodeIgniter\View\{closure}()
 4 SYSTEMPATH\View\View.php(229): CodeIgniter\View\View->render('v2/product/base', [], true)
 5 SYSTEMPATH\Common.php(1184): CodeIgniter\View\View->render('product/edit', [], true)
 6 APPPATH\Controllers\Product.php(108): view('product/edit', [...])
 7 SYSTEMPATH\CodeIgniter.php(934): App\Controllers\Product->edit('623b476dc4f96')
 8 SYSTEMPATH\CodeIgniter.php(499): CodeIgniter\CodeIgniter->runController(Object(App\Controllers\Product))
 9 SYSTEMPATH\CodeIgniter.php(368): CodeIgniter\CodeIgniter->handleRequest(null, Object(Config\Cache), false)
10 FCPATH\index.php(67): CodeIgniter\CodeIgniter->run()
11 SYSTEMPATH\Commands\Server\rewrite.php(47): require_once('FCPATH\\index.php')
CRITICAL - 2023-04-27 08:34:22 --> Undefined variable $products
in APPPATH\Views\v2\product\base.php on line 73.
 1 APPPATH\Views\v2\product\base.php(73): CodeIgniter\Debug\Exceptions->errorHandler(2, 'Undefined variable $products', 'APPPATH\\Views\\v2\\product\\base.php', 73)
 2 SYSTEMPATH\View\View.php(213): include('APPPATH\\Views\\v2\\product\\base.php')
 3 SYSTEMPATH\View\View.php(216): CodeIgniter\View\View->CodeIgniter\View\{closure}()
 4 SYSTEMPATH\View\View.php(229): CodeIgniter\View\View->render('v2/product/base', [], true)
 5 SYSTEMPATH\Common.php(1184): CodeIgniter\View\View->render('product/edit', [], true)
 6 APPPATH\Controllers\Product.php(108): view('product/edit', [...])
 7 SYSTEMPATH\CodeIgniter.php(934): App\Controllers\Product->edit('623b476dc4f96')
 8 SYSTEMPATH\CodeIgniter.php(499): CodeIgniter\CodeIgniter->runController(Object(App\Controllers\Product))
 9 SYSTEMPATH\CodeIgniter.php(368): CodeIgniter\CodeIgniter->handleRequest(null, Object(Config\Cache), false)
10 FCPATH\index.php(67): CodeIgniter\CodeIgniter->run()
11 SYSTEMPATH\Commands\Server\rewrite.php(47): require_once('FCPATH\\index.php')
CRITICAL - 2023-04-27 09:01:02 --> Undefined variable $products
in APPPATH\Views\v2\product\base.php on line 70.
 1 APPPATH\Views\v2\product\base.php(70): CodeIgniter\Debug\Exceptions->errorHandler(2, 'Undefined variable $products', 'APPPATH\\Views\\v2\\product\\base.php', 70)
 2 SYSTEMPATH\View\View.php(213): include('APPPATH\\Views\\v2\\product\\base.php')
 3 SYSTEMPATH\View\View.php(216): CodeIgniter\View\View->CodeIgniter\View\{closure}()
 4 SYSTEMPATH\View\View.php(229): CodeIgniter\View\View->render('v2/product/base', [], true)
 5 SYSTEMPATH\Common.php(1184): CodeIgniter\View\View->render('product/edit', [], true)
 6 APPPATH\Controllers\Product.php(108): view('product/edit', [...])
 7 SYSTEMPATH\CodeIgniter.php(934): App\Controllers\Product->edit('623b476dc4f96')
 8 SYSTEMPATH\CodeIgniter.php(499): CodeIgniter\CodeIgniter->runController(Object(App\Controllers\Product))
 9 SYSTEMPATH\CodeIgniter.php(368): CodeIgniter\CodeIgniter->handleRequest(null, Object(Config\Cache), false)
10 FCPATH\index.php(67): CodeIgniter\CodeIgniter->run()
11 SYSTEMPATH\Commands\Server\rewrite.php(47): require_once('FCPATH\\index.php')
CRITICAL - 2023-04-27 09:41:54 --> Undefined variable $products
in APPPATH\Views\v2\product\base.php on line 64.
 1 APPPATH\Views\v2\product\base.php(64): CodeIgniter\Debug\Exceptions->errorHandler(2, 'Undefined variable $products', 'APPPATH\\Views\\v2\\product\\base.php', 64)
 2 SYSTEMPATH\View\View.php(213): include('APPPATH\\Views\\v2\\product\\base.php')
 3 SYSTEMPATH\View\View.php(216): CodeIgniter\View\View->CodeIgniter\View\{closure}()
 4 SYSTEMPATH\View\View.php(229): CodeIgniter\View\View->render('v2/product/base', [], true)
 5 SYSTEMPATH\Common.php(1184): CodeIgniter\View\View->render('product/edit', [], true)
 6 APPPATH\Controllers\Product.php(108): view('product/edit', [...])
 7 SYSTEMPATH\CodeIgniter.php(934): App\Controllers\Product->edit('623b476dc4f96')
 8 SYSTEMPATH\CodeIgniter.php(499): CodeIgniter\CodeIgniter->runController(Object(App\Controllers\Product))
 9 SYSTEMPATH\CodeIgniter.php(368): CodeIgniter\CodeIgniter->handleRequest(null, Object(Config\Cache), false)
10 FCPATH\index.php(67): CodeIgniter\CodeIgniter->run()
11 SYSTEMPATH\Commands\Server\rewrite.php(47): require_once('FCPATH\\index.php')
CRITICAL - 2023-04-27 09:42:33 --> Undefined variable $products
in APPPATH\Views\v2\product\base.php on line 72.
 1 APPPATH\Views\v2\product\base.php(72): CodeIgniter\Debug\Exceptions->errorHandler(2, 'Undefined variable $products', 'APPPATH\\Views\\v2\\product\\base.php', 72)
 2 SYSTEMPATH\View\View.php(213): include('APPPATH\\Views\\v2\\product\\base.php')
 3 SYSTEMPATH\View\View.php(216): CodeIgniter\View\View->CodeIgniter\View\{closure}()
 4 SYSTEMPATH\View\View.php(229): CodeIgniter\View\View->render('v2/product/base', [], true)
 5 SYSTEMPATH\Common.php(1184): CodeIgniter\View\View->render('product/edit', [], true)
 6 APPPATH\Controllers\Product.php(108): view('product/edit', [...])
 7 SYSTEMPATH\CodeIgniter.php(934): App\Controllers\Product->edit('623b476dc4f96')
 8 SYSTEMPATH\CodeIgniter.php(499): CodeIgniter\CodeIgniter->runController(Object(App\Controllers\Product))
 9 SYSTEMPATH\CodeIgniter.php(368): CodeIgniter\CodeIgniter->handleRequest(null, Object(Config\Cache), false)
10 FCPATH\index.php(67): CodeIgniter\CodeIgniter->run()
11 SYSTEMPATH\Commands\Server\rewrite.php(47): require_once('FCPATH\\index.php')
CRITICAL - 2023-04-27 09:45:34 --> Undefined variable $products
in APPPATH\Views\v2\product\base.php on line 72.
 1 APPPATH\Views\v2\product\base.php(72): CodeIgniter\Debug\Exceptions->errorHandler(2, 'Undefined variable $products', 'APPPATH\\Views\\v2\\product\\base.php', 72)
 2 SYSTEMPATH\View\View.php(213): include('APPPATH\\Views\\v2\\product\\base.php')
 3 SYSTEMPATH\View\View.php(216): CodeIgniter\View\View->CodeIgniter\View\{closure}()
 4 SYSTEMPATH\View\View.php(229): CodeIgniter\View\View->render('v2/product/base', [], true)
 5 SYSTEMPATH\Common.php(1184): CodeIgniter\View\View->render('product/edit', [], true)
 6 APPPATH\Controllers\Product.php(108): view('product/edit', [...])
 7 SYSTEMPATH\CodeIgniter.php(934): App\Controllers\Product->edit('623b476dc4f96')
 8 SYSTEMPATH\CodeIgniter.php(499): CodeIgniter\CodeIgniter->runController(Object(App\Controllers\Product))
 9 SYSTEMPATH\CodeIgniter.php(368): CodeIgniter\CodeIgniter->handleRequest(null, Object(Config\Cache), false)
10 FCPATH\index.php(67): CodeIgniter\CodeIgniter->run()
11 SYSTEMPATH\Commands\Server\rewrite.php(47): require_once('FCPATH\\index.php')
CRITICAL - 2023-04-27 09:47:40 --> Undefined variable $products
in APPPATH\Views\v2\product\base.php on line 74.
 1 APPPATH\Views\v2\product\base.php(74): CodeIgniter\Debug\Exceptions->errorHandler(2, 'Undefined variable $products', 'APPPATH\\Views\\v2\\product\\base.php', 74)
 2 SYSTEMPATH\View\View.php(213): include('APPPATH\\Views\\v2\\product\\base.php')
 3 SYSTEMPATH\View\View.php(216): CodeIgniter\View\View->CodeIgniter\View\{closure}()
 4 SYSTEMPATH\View\View.php(229): CodeIgniter\View\View->render('v2/product/base', [], true)
 5 SYSTEMPATH\Common.php(1184): CodeIgniter\View\View->render('product/new', [], true)
 6 APPPATH\Controllers\Product.php(61): view('product/new')
 7 SYSTEMPATH\CodeIgniter.php(934): App\Controllers\Product->new()
 8 SYSTEMPATH\CodeIgniter.php(499): CodeIgniter\CodeIgniter->runController(Object(App\Controllers\Product))
 9 SYSTEMPATH\CodeIgniter.php(368): CodeIgniter\CodeIgniter->handleRequest(null, Object(Config\Cache), false)
10 FCPATH\index.php(67): CodeIgniter\CodeIgniter->run()
11 SYSTEMPATH\Commands\Server\rewrite.php(47): require_once('FCPATH\\index.php')
CRITICAL - 2023-04-27 09:47:54 --> Undefined variable $products
in APPPATH\Views\v2\product\base.php on line 74.
 1 APPPATH\Views\v2\product\base.php(74): CodeIgniter\Debug\Exceptions->errorHandler(2, 'Undefined variable $products', 'APPPATH\\Views\\v2\\product\\base.php', 74)
 2 SYSTEMPATH\View\View.php(213): include('APPPATH\\Views\\v2\\product\\base.php')
 3 SYSTEMPATH\View\View.php(216): CodeIgniter\View\View->CodeIgniter\View\{closure}()
 4 SYSTEMPATH\View\View.php(229): CodeIgniter\View\View->render('v2/product/base', [], true)
 5 SYSTEMPATH\Common.php(1184): CodeIgniter\View\View->render('product/new', [], true)
 6 APPPATH\Controllers\Product.php(61): view('product/new')
 7 SYSTEMPATH\CodeIgniter.php(934): App\Controllers\Product->new()
 8 SYSTEMPATH\CodeIgniter.php(499): CodeIgniter\CodeIgniter->runController(Object(App\Controllers\Product))
 9 SYSTEMPATH\CodeIgniter.php(368): CodeIgniter\CodeIgniter->handleRequest(null, Object(Config\Cache), false)
10 FCPATH\index.php(67): CodeIgniter\CodeIgniter->run()
11 SYSTEMPATH\Commands\Server\rewrite.php(47): require_once('FCPATH\\index.php')
CRITICAL - 2023-04-27 09:48:01 --> Undefined variable $products
in APPPATH\Views\v2\product\base.php on line 74.
 1 APPPATH\Views\v2\product\base.php(74): CodeIgniter\Debug\Exceptions->errorHandler(2, 'Undefined variable $products', 'APPPATH\\Views\\v2\\product\\base.php', 74)
 2 SYSTEMPATH\View\View.php(213): include('APPPATH\\Views\\v2\\product\\base.php')
 3 SYSTEMPATH\View\View.php(216): CodeIgniter\View\View->CodeIgniter\View\{closure}()
 4 SYSTEMPATH\View\View.php(229): CodeIgniter\View\View->render('v2/product/base', [], true)
 5 SYSTEMPATH\Common.php(1184): CodeIgniter\View\View->render('product/edit', [], true)
 6 APPPATH\Controllers\Product.php(108): view('product/edit', [...])
 7 SYSTEMPATH\CodeIgniter.php(934): App\Controllers\Product->edit('623b476dc4f96')
 8 SYSTEMPATH\CodeIgniter.php(499): CodeIgniter\CodeIgniter->runController(Object(App\Controllers\Product))
 9 SYSTEMPATH\CodeIgniter.php(368): CodeIgniter\CodeIgniter->handleRequest(null, Object(Config\Cache), false)
10 FCPATH\index.php(67): CodeIgniter\CodeIgniter->run()
11 SYSTEMPATH\Commands\Server\rewrite.php(47): require_once('FCPATH\\index.php')
CRITICAL - 2023-04-27 09:48:40 --> Undefined variable $products
in APPPATH\Views\v2\product\base.php on line 74.
 1 APPPATH\Views\v2\product\base.php(74): CodeIgniter\Debug\Exceptions->errorHandler(2, 'Undefined variable $products', 'APPPATH\\Views\\v2\\product\\base.php', 74)
 2 SYSTEMPATH\View\View.php(213): include('APPPATH\\Views\\v2\\product\\base.php')
 3 SYSTEMPATH\View\View.php(216): CodeIgniter\View\View->CodeIgniter\View\{closure}()
 4 SYSTEMPATH\View\View.php(229): CodeIgniter\View\View->render('v2/product/base', [], true)
 5 SYSTEMPATH\Common.php(1184): CodeIgniter\View\View->render('product/edit', [], true)
 6 APPPATH\Controllers\Product.php(108): view('product/edit', [...])
 7 SYSTEMPATH\CodeIgniter.php(934): App\Controllers\Product->edit('623b476dc4f96')
 8 SYSTEMPATH\CodeIgniter.php(499): CodeIgniter\CodeIgniter->runController(Object(App\Controllers\Product))
 9 SYSTEMPATH\CodeIgniter.php(368): CodeIgniter\CodeIgniter->handleRequest(null, Object(Config\Cache), false)
10 FCPATH\index.php(67): CodeIgniter\CodeIgniter->run()
11 SYSTEMPATH\Commands\Server\rewrite.php(47): require_once('FCPATH\\index.php')
CRITICAL - 2023-04-27 09:58:37 --> Undefined variable $products
in APPPATH\Views\v2\product\base.php on line 70.
 1 APPPATH\Views\v2\product\base.php(70): CodeIgniter\Debug\Exceptions->errorHandler(2, 'Undefined variable $products', 'APPPATH\\Views\\v2\\product\\base.php', 70)
 2 SYSTEMPATH\View\View.php(213): include('APPPATH\\Views\\v2\\product\\base.php')
 3 SYSTEMPATH\View\View.php(216): CodeIgniter\View\View->CodeIgniter\View\{closure}()
 4 SYSTEMPATH\View\View.php(229): CodeIgniter\View\View->render('v2/product/base', [], true)
 5 SYSTEMPATH\Common.php(1184): CodeIgniter\View\View->render('product/edit', [], true)
 6 APPPATH\Controllers\Product.php(108): view('product/edit', [...])
 7 SYSTEMPATH\CodeIgniter.php(934): App\Controllers\Product->edit('623b476dc4f96')
 8 SYSTEMPATH\CodeIgniter.php(499): CodeIgniter\CodeIgniter->runController(Object(App\Controllers\Product))
 9 SYSTEMPATH\CodeIgniter.php(368): CodeIgniter\CodeIgniter->handleRequest(null, Object(Config\Cache), false)
10 FCPATH\index.php(67): CodeIgniter\CodeIgniter->run()
11 SYSTEMPATH\Commands\Server\rewrite.php(47): require_once('FCPATH\\index.php')
